{
  "stats": {
    "suites": 1,
    "tests": 1,
    "passes": 1,
    "pending": 0,
    "failures": 0,
    "start": "2024-02-01T17:22:38.079Z",
    "end": "2024-02-01T17:22:39.626Z",
    "duration": 1547,
    "testsRegistered": 1,
    "passPercent": 100,
    "pendingPercent": 0,
    "other": 0,
    "hasOther": false,
    "skipped": 0,
    "hasSkipped": false
  },
  "results": [
    {
      "uuid": "66224e5e-85dc-477d-861a-17c357e87c7a",
      "title": "",
      "fullFile": "cypress/e2e/loginIncorreto.cy.js",
      "file": "cypress/e2e/loginIncorreto.cy.js",
      "beforeHooks": [],
      "afterHooks": [],
      "tests": [],
      "suites": [
        {
          "uuid": "07774311-c022-4514-a3cb-00e382b02243",
          "title": "pagina de login",
          "fullFile": "",
          "file": "",
          "beforeHooks": [],
          "afterHooks": [],
          "tests": [
            {
              "title": "verificar mensagens do campo obrigatorio",
              "fullTitle": "pagina de login verificar mensagens do campo obrigatorio",
              "timedOut": null,
              "duration": 523,
              "state": "passed",
              "speed": "fast",
              "pass": true,
              "fail": false,
              "pending": false,
              "context": null,
              "code": "cy.visit(\"http://localhost:4200/\");\ncy.contains(\"User name is required\").should(\"be.visible\");\ncy.contains(\"Password is required\").should(\"be.visible\");",
              "err": {},
              "uuid": "5c774a46-4b37-4edf-842b-e86a9f47102a",
              "parentUUID": "07774311-c022-4514-a3cb-00e382b02243",
              "isHook": false,
              "skipped": false
            }
          ],
          "suites": [],
          "passes": [
            "5c774a46-4b37-4edf-842b-e86a9f47102a"
          ],
          "failures": [],
          "pending": [],
          "skipped": [],
          "duration": 523,
          "root": false,
          "rootEmpty": false,
          "_timeout": 2000
        }
      ],
      "passes": [],
      "failures": [],
      "pending": [],
      "skipped": [],
      "duration": 0,
      "root": true,
      "rootEmpty": true,
      "_timeout": 2000
    }
  ],
  "meta": {
    "mocha": {
      "version": "7.0.1"
    },
    "mochawesome": {
      "options": {
        "quiet": false,
        "reportFilename": "mochawesome",
        "saveHtml": true,
        "saveJson": true,
        "consoleReporter": "spec",
        "useInlineDiffs": false,
        "code": true
      },
      "version": "7.1.3"
    },
    "marge": {
      "options": null,
      "version": "6.2.0"
    }
  }
}